  main.c
C:\Users\qqnq7\Documents\Programming\c_school\0114\0114\main.c(1,1): warning C4828: オフセット 0x20c から始まる、現在のソースの文字セット (コードページ 65001) では使用できない文字がファイルに含まれています。
C:\Users\qqnq7\Documents\Programming\c_school\0114\0114\main.c(1,1): warning C4828: オフセット 0x213 から始まる、現在のソースの文字セット (コードページ 65001) では使用できない文字がファイルに含まれています。
C:\Users\qqnq7\Documents\Programming\c_school\0114\0114\main.c(1,1): warning C4828: オフセット 0x214 から始まる、現在のソースの文字セット (コードページ 65001) では使用できない文字がファイルに含まれています。
C:\Users\qqnq7\Documents\Programming\c_school\0114\0114\main.c(1,1): warning C4828: オフセット 0x216 から始まる、現在のソースの文字セット (コードページ 65001) では使用できない文字がファイルに含まれています。
C:\Users\qqnq7\Documents\Programming\c_school\0114\0114\main.c(1,1): warning C4828: オフセット 0x219 から始まる、現在のソースの文字セット (コードページ 65001) では使用できない文字がファイルに含まれています。
C:\Users\qqnq7\Documents\Programming\c_school\0114\0114\main.c(1,1): warning C4828: オフセット 0x21a から始まる、現在のソースの文字セット (コードページ 65001) では使用できない文字がファイルに含まれています。
C:\Users\qqnq7\Documents\Programming\c_school\0114\0114\main.c(1,1): warning C4828: オフセット 0x21e から始まる、現在のソースの文字セット (コードページ 65001) では使用できない文字がファイルに含まれています。
C:\Users\qqnq7\Documents\Programming\c_school\0114\0114\main.c(1,1): warning C4828: オフセット 0x21f から始まる、現在のソースの文字セット (コードページ 65001) では使用できない文字がファイルに含まれています。
C:\Users\qqnq7\Documents\Programming\c_school\0114\0114\main.c(1,1): warning C4828: オフセット 0x220 から始まる、現在のソースの文字セット (コードページ 65001) では使用できない文字がファイルに含まれています。
C:\Users\qqnq7\Documents\Programming\c_school\0114\0114\main.c(1,1): warning C4828: オフセット 0x223 から始まる、現在のソースの文字セット (コードページ 65001) では使用できない文字がファイルに含まれています。
C:\Users\qqnq7\Documents\Programming\c_school\0114\0114\main.c(1,1): warning C4828: オフセット 0x224 から始まる、現在のソースの文字セット (コードページ 65001) では使用できない文字がファイルに含まれています。
C:\Users\qqnq7\Documents\Programming\c_school\0114\0114\main.c(1,1): warning C4828: オフセット 0x225 から始まる、現在のソースの文字セット (コードページ 65001) では使用できない文字がファイルに含まれています。
C:\Users\qqnq7\Documents\Programming\c_school\0114\0114\main.c(1,1): warning C4828: オフセット 0x226 から始まる、現在のソースの文字セット (コードページ 65001) では使用できない文字がファイルに含まれています。
C:\Users\qqnq7\Documents\Programming\c_school\0114\0114\main.c(1,1): warning C4828: オフセット 0x260 から始まる、現在のソースの文字セット (コードページ 65001) では使用できない文字がファイルに含まれています。
C:\Users\qqnq7\Documents\Programming\c_school\0114\0114\main.c(1,1): warning C4828: オフセット 0x261 から始まる、現在のソースの文字セット (コードページ 65001) では使用できない文字がファイルに含まれています。
C:\Users\qqnq7\Documents\Programming\c_school\0114\0114\main.c(1,1): warning C4828: オフセット 0x262 から始まる、現在のソースの文字セット (コードページ 65001) では使用できない文字がファイルに含まれています。
C:\Users\qqnq7\Documents\Programming\c_school\0114\0114\main.c(1,1): warning C4828: オフセット 0x263 から始まる、現在のソースの文字セット (コードページ 65001) では使用できない文字がファイルに含まれています。
C:\Users\qqnq7\Documents\Programming\c_school\0114\0114\main.c(1,1): warning C4828: オフセット 0x264 から始まる、現在のソースの文字セット (コードページ 65001) では使用できない文字がファイルに含まれています。
C:\Users\qqnq7\Documents\Programming\c_school\0114\0114\main.c(1,1): warning C4828: オフセット 0x265 から始まる、現在のソースの文字セット (コードページ 65001) では使用できない文字がファイルに含まれています。
C:\Users\qqnq7\Documents\Programming\c_school\0114\0114\main.c(1,1): warning C4828: オフセット 0x266 から始まる、現在のソースの文字セット (コードページ 65001) では使用できない文字がファイルに含まれています。
C:\Users\qqnq7\Documents\Programming\c_school\0114\0114\main.c(1,1): warning C4828: オフセット 0x269 から始まる、現在のソースの文字セット (コードページ 65001) では使用できない文字がファイルに含まれています。
C:\Users\qqnq7\Documents\Programming\c_school\0114\0114\main.c(1,1): warning C4828: オフセット 0x26a から始まる、現在のソースの文字セット (コードページ 65001) では使用できない文字がファイルに含まれています。
C:\Users\qqnq7\Documents\Programming\c_school\0114\0114\main.c(1,1): warning C4828: オフセット 0x2a0 から始まる、現在のソースの文字セット (コードページ 65001) では使用できない文字がファイルに含まれています。
C:\Users\qqnq7\Documents\Programming\c_school\0114\0114\main.c(1,1): warning C4828: オフセット 0x2a2 から始まる、現在のソースの文字セット (コードページ 65001) では使用できない文字がファイルに含まれています。
C:\Users\qqnq7\Documents\Programming\c_school\0114\0114\main.c(1,1): warning C4828: オフセット 0x2a3 から始まる、現在のソースの文字セット (コードページ 65001) では使用できない文字がファイルに含まれています。
C:\Users\qqnq7\Documents\Programming\c_school\0114\0114\main.c(1,1): warning C4828: オフセット 0x2a4 から始まる、現在のソースの文字セット (コードページ 65001) では使用できない文字がファイルに含まれています。
C:\Users\qqnq7\Documents\Programming\c_school\0114\0114\main.c(1,1): warning C4828: オフセット 0x2a5 から始まる、現在のソースの文字セット (コードページ 65001) では使用できない文字がファイルに含まれています。
C:\Users\qqnq7\Documents\Programming\c_school\0114\0114\main.c(1,1): warning C4828: オフセット 0x2a6 から始まる、現在のソースの文字セット (コードページ 65001) では使用できない文字がファイルに含まれています。
C:\Users\qqnq7\Documents\Programming\c_school\0114\0114\main.c(1,1): warning C4828: オフセット 0x2a9 から始まる、現在のソースの文字セット (コードページ 65001) では使用できない文字がファイルに含まれています。
C:\Users\qqnq7\Documents\Programming\c_school\0114\0114\main.c(1,1): warning C4828: オフセット 0x2aa から始まる、現在のソースの文字セット (コードページ 65001) では使用できない文字がファイルに含まれています。
C:\Users\qqnq7\Documents\Programming\c_school\0114\0114\main.c(1,1): warning C4828: オフセット 0x376 から始まる、現在のソースの文字セット (コードページ 65001) では使用できない文字がファイルに含まれています。
C:\Users\qqnq7\Documents\Programming\c_school\0114\0114\main.c(1,1): warning C4828: オフセット 0x378 から始まる、現在のソースの文字セット (コードページ 65001) では使用できない文字がファイルに含まれています。
C:\Users\qqnq7\Documents\Programming\c_school\0114\0114\main.c(1,1): warning C4828: オフセット 0x379 から始まる、現在のソースの文字セット (コードページ 65001) では使用できない文字がファイルに含まれています。
C:\Users\qqnq7\Documents\Programming\c_school\0114\0114\main.c(1,1): warning C4828: オフセット 0x37a から始まる、現在のソースの文字セット (コードページ 65001) では使用できない文字がファイルに含まれています。
C:\Users\qqnq7\Documents\Programming\c_school\0114\0114\main.c(1,1): warning C4828: オフセット 0x37d から始まる、現在のソースの文字セット (コードページ 65001) では使用できない文字がファイルに含まれています。
C:\Users\qqnq7\Documents\Programming\c_school\0114\0114\main.c(1,1): warning C4828: オフセット 0x37e から始まる、現在のソースの文字セット (コードページ 65001) では使用できない文字がファイルに含まれています。
C:\Users\qqnq7\Documents\Programming\c_school\0114\0114\main.c(1,1): warning C4828: オフセット 0x383 から始まる、現在のソースの文字セット (コードページ 65001) では使用できない文字がファイルに含まれています。
C:\Users\qqnq7\Documents\Programming\c_school\0114\0114\main.c(1,1): warning C4828: オフセット 0x3f4 から始まる、現在のソースの文字セット (コードページ 65001) では使用できない文字がファイルに含まれています。
C:\Users\qqnq7\Documents\Programming\c_school\0114\0114\main.c(1,1): warning C4828: オフセット 0x3f7 から始まる、現在のソースの文字セット (コードページ 65001) では使用できない文字がファイルに含まれています。
C:\Users\qqnq7\Documents\Programming\c_school\0114\0114\main.c(1,1): warning C4828: オフセット 0x3fa から始まる、現在のソースの文字セット (コードページ 65001) では使用できない文字がファイルに含まれています。
C:\Users\qqnq7\Documents\Programming\c_school\0114\0114\main.c(1,1): warning C4828: オフセット 0x3fd から始まる、現在のソースの文字セット (コードページ 65001) では使用できない文字がファイルに含まれています。
C:\Users\qqnq7\Documents\Programming\c_school\0114\0114\main.c(1,1): warning C4828: オフセット 0x400 から始まる、現在のソースの文字セット (コードページ 65001) では使用できない文字がファイルに含まれています。
C:\Users\qqnq7\Documents\Programming\c_school\0114\0114\main.c(1,1): warning C4828: オフセット 0x46c から始まる、現在のソースの文字セット (コードページ 65001) では使用できない文字がファイルに含まれています。
C:\Users\qqnq7\Documents\Programming\c_school\0114\0114\main.c(1,1): warning C4828: オフセット 0x4f4 から始まる、現在のソースの文字セット (コードページ 65001) では使用できない文字がファイルに含まれています。
C:\Users\qqnq7\Documents\Programming\c_school\0114\0114\main.c(1,1): warning C4828: オフセット 0x4fb から始まる、現在のソースの文字セット (コードページ 65001) では使用できない文字がファイルに含まれています。
C:\Users\qqnq7\Documents\Programming\c_school\0114\0114\main.c(1,1): warning C4828: オフセット 0x4fc から始まる、現在のソースの文字セット (コードページ 65001) では使用できない文字がファイルに含まれています。
C:\Users\qqnq7\Documents\Programming\c_school\0114\0114\main.c(1,1): warning C4828: オフセット 0x4fe から始まる、現在のソースの文字セット (コードページ 65001) では使用できない文字がファイルに含まれています。
C:\Users\qqnq7\Documents\Programming\c_school\0114\0114\main.c(1,1): warning C4828: オフセット 0x501 から始まる、現在のソースの文字セット (コードページ 65001) では使用できない文字がファイルに含まれています。
C:\Users\qqnq7\Documents\Programming\c_school\0114\0114\main.c(1,1): warning C4828: オフセット 0x502 から始まる、現在のソースの文字セット (コードページ 65001) では使用できない文字がファイルに含まれています。
C:\Users\qqnq7\Documents\Programming\c_school\0114\0114\main.c(1,1): warning C4828: オフセット 0x506 から始まる、現在のソースの文字セット (コードページ 65001) では使用できない文字がファイルに含まれています。
C:\Users\qqnq7\Documents\Programming\c_school\0114\0114\main.c(1,1): warning C4828: オフセット 0x507 から始まる、現在のソースの文字セット (コードページ 65001) では使用できない文字がファイルに含まれています。
C:\Users\qqnq7\Documents\Programming\c_school\0114\0114\main.c(1,1): warning C4828: オフセット 0x508 から始まる、現在のソースの文字セット (コードページ 65001) では使用できない文字がファイルに含まれています。
C:\Users\qqnq7\Documents\Programming\c_school\0114\0114\main.c(1,1): warning C4828: オフセット 0x50b から始まる、現在のソースの文字セット (コードページ 65001) では使用できない文字がファイルに含まれています。
C:\Users\qqnq7\Documents\Programming\c_school\0114\0114\main.c(1,1): warning C4828: オフセット 0x50c から始まる、現在のソースの文字セット (コードページ 65001) では使用できない文字がファイルに含まれています。
C:\Users\qqnq7\Documents\Programming\c_school\0114\0114\main.c(1,1): warning C4828: オフセット 0x50d から始まる、現在のソースの文字セット (コードページ 65001) では使用できない文字がファイルに含まれています。
C:\Users\qqnq7\Documents\Programming\c_school\0114\0114\main.c(1,1): warning C4828: オフセット 0x50e から始まる、現在のソースの文字セット (コードページ 65001) では使用できない文字がファイルに含まれています。
C:\Users\qqnq7\Documents\Programming\c_school\0114\0114\main.c(1,1): warning C4828: オフセット 0x548 から始まる、現在のソースの文字セット (コードページ 65001) では使用できない文字がファイルに含まれています。
C:\Users\qqnq7\Documents\Programming\c_school\0114\0114\main.c(1,1): warning C4828: オフセット 0x549 から始まる、現在のソースの文字セット (コードページ 65001) では使用できない文字がファイルに含まれています。
C:\Users\qqnq7\Documents\Programming\c_school\0114\0114\main.c(1,1): warning C4828: オフセット 0x54a から始まる、現在のソースの文字セット (コードページ 65001) では使用できない文字がファイルに含まれています。
C:\Users\qqnq7\Documents\Programming\c_school\0114\0114\main.c(1,1): warning C4828: オフセット 0x54b から始まる、現在のソースの文字セット (コードページ 65001) では使用できない文字がファイルに含まれています。
C:\Users\qqnq7\Documents\Programming\c_school\0114\0114\main.c(1,1): warning C4828: オフセット 0x54c から始まる、現在のソースの文字セット (コードページ 65001) では使用できない文字がファイルに含まれています。
C:\Users\qqnq7\Documents\Programming\c_school\0114\0114\main.c(1,1): warning C4828: オフセット 0x54d から始まる、現在のソースの文字セット (コードページ 65001) では使用できない文字がファイルに含まれています。
C:\Users\qqnq7\Documents\Programming\c_school\0114\0114\main.c(1,1): warning C4828: オフセット 0x54e から始まる、現在のソースの文字セット (コードページ 65001) では使用できない文字がファイルに含まれています。
C:\Users\qqnq7\Documents\Programming\c_school\0114\0114\main.c(1,1): warning C4828: オフセット 0x551 から始まる、現在のソースの文字セット (コードページ 65001) では使用できない文字がファイルに含まれています。
C:\Users\qqnq7\Documents\Programming\c_school\0114\0114\main.c(1,1): warning C4828: オフセット 0x552 から始まる、現在のソースの文字セット (コードページ 65001) では使用できない文字がファイルに含まれています。
C:\Users\qqnq7\Documents\Programming\c_school\0114\0114\main.c(1,1): warning C4828: オフセット 0x588 から始まる、現在のソースの文字セット (コードページ 65001) では使用できない文字がファイルに含まれています。
C:\Users\qqnq7\Documents\Programming\c_school\0114\0114\main.c(1,1): warning C4828: オフセット 0x58a から始まる、現在のソースの文字セット (コードページ 65001) では使用できない文字がファイルに含まれています。
C:\Users\qqnq7\Documents\Programming\c_school\0114\0114\main.c(1,1): warning C4828: オフセット 0x58b から始まる、現在のソースの文字セット (コードページ 65001) では使用できない文字がファイルに含まれています。
C:\Users\qqnq7\Documents\Programming\c_school\0114\0114\main.c(1,1): warning C4828: オフセット 0x58c から始まる、現在のソースの文字セット (コードページ 65001) では使用できない文字がファイルに含まれています。
C:\Users\qqnq7\Documents\Programming\c_school\0114\0114\main.c(1,1): warning C4828: オフセット 0x58d から始まる、現在のソースの文字セット (コードページ 65001) では使用できない文字がファイルに含まれています。
C:\Users\qqnq7\Documents\Programming\c_school\0114\0114\main.c(1,1): warning C4828: オフセット 0x58e から始まる、現在のソースの文字セット (コードページ 65001) では使用できない文字がファイルに含まれています。
C:\Users\qqnq7\Documents\Programming\c_school\0114\0114\main.c(1,1): warning C4828: オフセット 0x591 から始まる、現在のソースの文字セット (コードページ 65001) では使用できない文字がファイルに含まれています。
C:\Users\qqnq7\Documents\Programming\c_school\0114\0114\main.c(1,1): warning C4828: オフセット 0x592 から始まる、現在のソースの文字セット (コードページ 65001) では使用できない文字がファイルに含まれています。
C:\Users\qqnq7\Documents\Programming\c_school\0114\0114\main.c(1,1): warning C4828: オフセット 0x69e から始まる、現在のソースの文字セット (コードページ 65001) では使用できない文字がファイルに含まれています。
C:\Users\qqnq7\Documents\Programming\c_school\0114\0114\main.c(1,1): warning C4828: オフセット 0x6a0 から始まる、現在のソースの文字セット (コードページ 65001) では使用できない文字がファイルに含まれています。
C:\Users\qqnq7\Documents\Programming\c_school\0114\0114\main.c(1,1): warning C4828: オフセット 0x6a1 から始まる、現在のソースの文字セット (コードページ 65001) では使用できない文字がファイルに含まれています。
C:\Users\qqnq7\Documents\Programming\c_school\0114\0114\main.c(1,1): warning C4828: オフセット 0x6a2 から始まる、現在のソースの文字セット (コードページ 65001) では使用できない文字がファイルに含まれています。
C:\Users\qqnq7\Documents\Programming\c_school\0114\0114\main.c(1,1): warning C4828: オフセット 0x6a5 から始まる、現在のソースの文字セット (コードページ 65001) では使用できない文字がファイルに含まれています。
C:\Users\qqnq7\Documents\Programming\c_school\0114\0114\main.c(1,1): warning C4828: オフセット 0x6a6 から始まる、現在のソースの文字セット (コードページ 65001) では使用できない文字がファイルに含まれています。
C:\Users\qqnq7\Documents\Programming\c_school\0114\0114\main.c(1,1): warning C4828: オフセット 0x6ab から始まる、現在のソースの文字セット (コードページ 65001) では使用できない文字がファイルに含まれています。
C:\Users\qqnq7\Documents\Programming\c_school\0114\0114\main.c(1,1): warning C4828: オフセット 0x71c から始まる、現在のソースの文字セット (コードページ 65001) では使用できない文字がファイルに含まれています。
C:\Users\qqnq7\Documents\Programming\c_school\0114\0114\main.c(1,1): warning C4828: オフセット 0x71f から始まる、現在のソースの文字セット (コードページ 65001) では使用できない文字がファイルに含まれています。
C:\Users\qqnq7\Documents\Programming\c_school\0114\0114\main.c(1,1): warning C4828: オフセット 0x722 から始まる、現在のソースの文字セット (コードページ 65001) では使用できない文字がファイルに含まれています。
C:\Users\qqnq7\Documents\Programming\c_school\0114\0114\main.c(1,1): warning C4828: オフセット 0x725 から始まる、現在のソースの文字セット (コードページ 65001) では使用できない文字がファイルに含まれています。
C:\Users\qqnq7\Documents\Programming\c_school\0114\0114\main.c(1,1): warning C4828: オフセット 0x728 から始まる、現在のソースの文字セット (コードページ 65001) では使用できない文字がファイルに含まれています。
C:\Users\qqnq7\Documents\Programming\c_school\0114\0114\main.c(1,1): warning C4828: オフセット 0x794 から始まる、現在のソースの文字セット (コードページ 65001) では使用できない文字がファイルに含まれています。
C:\Users\qqnq7\Documents\Programming\c_school\0114\0114\main.c(1,1): warning C4828: オフセット 0x89f から始まる、現在のソースの文字セット (コードページ 65001) では使用できない文字がファイルに含まれています。
C:\Users\qqnq7\Documents\Programming\c_school\0114\0114\main.c(1,1): warning C4828: オフセット 0x8a2 から始まる、現在のソースの文字セット (コードページ 65001) では使用できない文字がファイルに含まれています。
C:\Users\qqnq7\Documents\Programming\c_school\0114\0114\main.c(1,1): warning C4828: オフセット 0x8a3 から始まる、現在のソースの文字セット (コードページ 65001) では使用できない文字がファイルに含まれています。
C:\Users\qqnq7\Documents\Programming\c_school\0114\0114\main.c(1,1): warning C4828: オフセット 0x8a4 から始まる、現在のソースの文字セット (コードページ 65001) では使用できない文字がファイルに含まれています。
C:\Users\qqnq7\Documents\Programming\c_school\0114\0114\main.c(1,1): warning C4828: オフセット 0x8a5 から始まる、現在のソースの文字セット (コードページ 65001) では使用できない文字がファイルに含まれています。
C:\Users\qqnq7\Documents\Programming\c_school\0114\0114\main.c(1,1): warning C4828: オフセット 0x8a8 から始まる、現在のソースの文字セット (コードページ 65001) では使用できない文字がファイルに含まれています。
C:\Users\qqnq7\Documents\Programming\c_school\0114\0114\main.c(1,1): warning C4828: オフセット 0x8a9 から始まる、現在のソースの文字セット (コードページ 65001) では使用できない文字がファイルに含まれています。
C:\Users\qqnq7\Documents\Programming\c_school\0114\0114\main.c(1,1): warning C4828: オフセット 0x929 から始まる、現在のソースの文字セット (コードページ 65001) では使用できない文字がファイルに含まれています。
C:\Users\qqnq7\Documents\Programming\c_school\0114\0114\main.c(1,1): warning C4828: オフセット 0x92c から始まる、現在のソースの文字セット (コードページ 65001) では使用できない文字がファイルに含まれています。
C:\Users\qqnq7\Documents\Programming\c_school\0114\0114\main.c(1,1): warning C4828: オフセット 0x92d から始まる、現在のソースの文字セット (コードページ 65001) では使用できない文字がファイルに含まれています。
C:\Users\qqnq7\Documents\Programming\c_school\0114\0114\main.c(1,1): warning C4828: オフセット 0x92e から始まる、現在のソースの文字セット (コードページ 65001) では使用できない文字がファイルに含まれています。
C:\Users\qqnq7\Documents\Programming\c_school\0114\0114\main.c(1,1): warning C4828: オフセット 0x92f から始まる、現在のソースの文字セット (コードページ 65001) では使用できない文字がファイルに含まれています。
C:\Users\qqnq7\Documents\Programming\c_school\0114\0114\main.c(1,1): warning C4828: オフセット 0x932 から始まる、現在のソースの文字セット (コードページ 65001) では使用できない文字がファイルに含まれています。
C:\Users\qqnq7\Documents\Programming\c_school\0114\0114\main.c(1,1): warning C4828: オフセット 0x933 から始まる、現在のソースの文字セット (コードページ 65001) では使用できない文字がファイルに含まれています。
C:\Users\qqnq7\Documents\Programming\c_school\0114\0114\main.c(1,1): warning C4828: オフセット 0x9f5 から始まる、現在のソースの文字セット (コードページ 65001) では使用できない文字がファイルに含まれています。
C:\Users\qqnq7\Documents\Programming\c_school\0114\0114\main.c(1,1): warning C4828: オフセット 0x9f8 から始まる、現在のソースの文字セット (コードページ 65001) では使用できない文字がファイルに含まれています。
C:\Users\qqnq7\Documents\Programming\c_school\0114\0114\main.c(1,1): warning C4828: オフセット 0x9f9 から始まる、現在のソースの文字セット (コードページ 65001) では使用できない文字がファイルに含まれています。
C:\Users\qqnq7\Documents\Programming\c_school\0114\0114\main.c(1,1): warning C4828: オフセット 0x9fa から始まる、現在のソースの文字セット (コードページ 65001) では使用できない文字がファイルに含まれています。
C:\Users\qqnq7\Documents\Programming\c_school\0114\0114\main.c(1,1): warning C4828: オフセット 0x9fb から始まる、現在のソースの文字セット (コードページ 65001) では使用できない文字がファイルに含まれています。
C:\Users\qqnq7\Documents\Programming\c_school\0114\0114\main.c(1,1): warning C4828: オフセット 0x9fe から始まる、現在のソースの文字セット (コードページ 65001) では使用できない文字がファイルに含まれています。
C:\Users\qqnq7\Documents\Programming\c_school\0114\0114\main.c(1,1): warning C4828: オフセット 0x9ff から始まる、現在のソースの文字セット (コードページ 65001) では使用できない文字がファイルに含まれています。
C:\Users\qqnq7\Documents\Programming\c_school\0114\0114\main.c(1,1): warning C4828: オフセット 0xa7f から始まる、現在のソースの文字セット (コードページ 65001) では使用できない文字がファイルに含まれています。
C:\Users\qqnq7\Documents\Programming\c_school\0114\0114\main.c(1,1): warning C4828: オフセット 0xa82 から始まる、現在のソースの文字セット (コードページ 65001) では使用できない文字がファイルに含まれています。
C:\Users\qqnq7\Documents\Programming\c_school\0114\0114\main.c(1,1): warning C4828: オフセット 0xa83 から始まる、現在のソースの文字セット (コードページ 65001) では使用できない文字がファイルに含まれています。
C:\Users\qqnq7\Documents\Programming\c_school\0114\0114\main.c(1,1): warning C4828: オフセット 0xa84 から始まる、現在のソースの文字セット (コードページ 65001) では使用できない文字がファイルに含まれています。
C:\Users\qqnq7\Documents\Programming\c_school\0114\0114\main.c(1,1): warning C4828: オフセット 0xa85 から始まる、現在のソースの文字セット (コードページ 65001) では使用できない文字がファイルに含まれています。
C:\Users\qqnq7\Documents\Programming\c_school\0114\0114\main.c(1,1): warning C4828: オフセット 0xa88 から始まる、現在のソースの文字セット (コードページ 65001) では使用できない文字がファイルに含まれています。
C:\Users\qqnq7\Documents\Programming\c_school\0114\0114\main.c(1,1): warning C4828: オフセット 0xa89 から始まる、現在のソースの文字セット (コードページ 65001) では使用できない文字がファイルに含まれています。
C:\Users\qqnq7\Documents\Programming\c_school\0114\0114\main.c(1,1): warning C4828: オフセット 0xb4a から始まる、現在のソースの文字セット (コードページ 65001) では使用できない文字がファイルに含まれています。
C:\Users\qqnq7\Documents\Programming\c_school\0114\0114\main.c(1,1): warning C4828: オフセット 0xb4d から始まる、現在のソースの文字セット (コードページ 65001) では使用できない文字がファイルに含まれています。
C:\Users\qqnq7\Documents\Programming\c_school\0114\0114\main.c(1,1): warning C4828: オフセット 0xb4e から始まる、現在のソースの文字セット (コードページ 65001) では使用できない文字がファイルに含まれています。
C:\Users\qqnq7\Documents\Programming\c_school\0114\0114\main.c(1,1): warning C4828: オフセット 0xb4f から始まる、現在のソースの文字セット (コードページ 65001) では使用できない文字がファイルに含まれています。
C:\Users\qqnq7\Documents\Programming\c_school\0114\0114\main.c(1,1): warning C4828: オフセット 0xb50 から始まる、現在のソースの文字セット (コードページ 65001) では使用できない文字がファイルに含まれています。
C:\Users\qqnq7\Documents\Programming\c_school\0114\0114\main.c(1,1): warning C4828: オフセット 0xb53 から始まる、現在のソースの文字セット (コードページ 65001) では使用できない文字がファイルに含まれています。
C:\Users\qqnq7\Documents\Programming\c_school\0114\0114\main.c(1,1): warning C4828: オフセット 0xb54 から始まる、現在のソースの文字セット (コードページ 65001) では使用できない文字がファイルに含まれています。
C:\Users\qqnq7\Documents\Programming\c_school\0114\0114\main.c(1,1): warning C4828: オフセット 0xbcd から始まる、現在のソースの文字セット (コードページ 65001) では使用できない文字がファイルに含まれています。
C:\Users\qqnq7\Documents\Programming\c_school\0114\0114\main.c(1,1): warning C4828: オフセット 0xbd0 から始まる、現在のソースの文字セット (コードページ 65001) では使用できない文字がファイルに含まれています。
C:\Users\qqnq7\Documents\Programming\c_school\0114\0114\main.c(1,1): warning C4828: オフセット 0xbd1 から始まる、現在のソースの文字セット (コードページ 65001) では使用できない文字がファイルに含まれています。
C:\Users\qqnq7\Documents\Programming\c_school\0114\0114\main.c(1,1): warning C4828: オフセット 0xbd2 から始まる、現在のソースの文字セット (コードページ 65001) では使用できない文字がファイルに含まれています。
C:\Users\qqnq7\Documents\Programming\c_school\0114\0114\main.c(1,1): warning C4828: オフセット 0xbd3 から始まる、現在のソースの文字セット (コードページ 65001) では使用できない文字がファイルに含まれています。
C:\Users\qqnq7\Documents\Programming\c_school\0114\0114\main.c(1,1): warning C4828: オフセット 0xbd6 から始まる、現在のソースの文字セット (コードページ 65001) では使用できない文字がファイルに含まれています。
C:\Users\qqnq7\Documents\Programming\c_school\0114\0114\main.c(1,1): warning C4828: オフセット 0xbd7 から始まる、現在のソースの文字セット (コードページ 65001) では使用できない文字がファイルに含まれています。
C:\Users\qqnq7\Documents\Programming\c_school\0114\0114\main.c(1,1): warning C4828: オフセット 0xc96 から始まる、現在のソースの文字セット (コードページ 65001) では使用できない文字がファイルに含まれています。
C:\Users\qqnq7\Documents\Programming\c_school\0114\0114\main.c(1,1): warning C4828: オフセット 0xc99 から始まる、現在のソースの文字セット (コードページ 65001) では使用できない文字がファイルに含まれています。
C:\Users\qqnq7\Documents\Programming\c_school\0114\0114\main.c(1,1): warning C4828: オフセット 0xc9a から始まる、現在のソースの文字セット (コードページ 65001) では使用できない文字がファイルに含まれています。
C:\Users\qqnq7\Documents\Programming\c_school\0114\0114\main.c(1,1): warning C4828: オフセット 0xc9b から始まる、現在のソースの文字セット (コードページ 65001) では使用できない文字がファイルに含まれています。
C:\Users\qqnq7\Documents\Programming\c_school\0114\0114\main.c(1,1): warning C4828: オフセット 0xc9c から始まる、現在のソースの文字セット (コードページ 65001) では使用できない文字がファイルに含まれています。
C:\Users\qqnq7\Documents\Programming\c_school\0114\0114\main.c(1,1): warning C4828: オフセット 0xc9f から始まる、現在のソースの文字セット (コードページ 65001) では使用できない文字がファイルに含まれています。
C:\Users\qqnq7\Documents\Programming\c_school\0114\0114\main.c(1,1): warning C4828: オフセット 0xca0 から始まる、現在のソースの文字セット (コードページ 65001) では使用できない文字がファイルに含まれています。
C:\Users\qqnq7\Documents\Programming\c_school\0114\0114\main.c(1,1): warning C4828: オフセット 0xd1d から始まる、現在のソースの文字セット (コードページ 65001) では使用できない文字がファイルに含まれています。
C:\Users\qqnq7\Documents\Programming\c_school\0114\0114\main.c(1,1): warning C4828: オフセット 0xd20 から始まる、現在のソースの文字セット (コードページ 65001) では使用できない文字がファイルに含まれています。
C:\Users\qqnq7\Documents\Programming\c_school\0114\0114\main.c(1,1): warning C4828: オフセット 0xd21 から始まる、現在のソースの文字セット (コードページ 65001) では使用できない文字がファイルに含まれています。
C:\Users\qqnq7\Documents\Programming\c_school\0114\0114\main.c(1,1): warning C4828: オフセット 0xd22 から始まる、現在のソースの文字セット (コードページ 65001) では使用できない文字がファイルに含まれています。
C:\Users\qqnq7\Documents\Programming\c_school\0114\0114\main.c(1,1): warning C4828: オフセット 0xd23 から始まる、現在のソースの文字セット (コードページ 65001) では使用できない文字がファイルに含まれています。
C:\Users\qqnq7\Documents\Programming\c_school\0114\0114\main.c(1,1): warning C4828: オフセット 0xd26 から始まる、現在のソースの文字セット (コードページ 65001) では使用できない文字がファイルに含まれています。
C:\Users\qqnq7\Documents\Programming\c_school\0114\0114\main.c(1,1): warning C4828: オフセット 0xd27 から始まる、現在のソースの文字セット (コードページ 65001) では使用できない文字がファイルに含まれています。
C:\Users\qqnq7\Documents\Programming\c_school\0114\0114\main.c(44,3): warning C4996: 'scanf': This function or variable may be unsafe. Consider using scanf_s instead. To disable deprecation, use _CRT_SECURE_NO_WARNINGS. See online help for details.
C:\Users\qqnq7\Documents\Programming\c_school\0114\0114\main.c(46,3): warning C4996: 'scanf': This function or variable may be unsafe. Consider using scanf_s instead. To disable deprecation, use _CRT_SECURE_NO_WARNINGS. See online help for details.
C:\Users\qqnq7\Documents\Programming\c_school\0114\0114\main.c(82,150): warning C4013: 関数 'isdigit' は定義されていません。int 型の値を返す外部関数と見なします。
C:\Users\qqnq7\Documents\Programming\c_school\0114\0114\main.c(78,3): warning C4996: 'scanf': This function or variable may be unsafe. Consider using scanf_s instead. To disable deprecation, use _CRT_SECURE_NO_WARNINGS. See online help for details.
C:\Users\qqnq7\Documents\Programming\c_school\0114\0114\main.c(80,3): warning C4996: 'scanf': This function or variable may be unsafe. Consider using scanf_s instead. To disable deprecation, use _CRT_SECURE_NO_WARNINGS. See online help for details.
  0114.vcxproj -> C:\Users\qqnq7\Documents\Programming\c_school\0114\x64\Debug\0114.exe
